build/app/intermediates/manifest_merge_blame_file/debug/manifest-merger-blame-debug-report.txt
1<?xml version="1.0" encoding="utf-8"?>
2<manifest xmlns:android="http://schemas.android.com/apk/res/android"
3    package="com.example.portfolio_web"
4    android:versionCode="1"
5    android:versionName="1.0.0" >
6
7    <uses-sdk
8        android:minSdkVersion="19"
9        android:targetSdkVersion="33" />
10    <!--
11         The INTERNET permission is required for development. Specifically,
12         the Flutter tool needs it to communicate with the running application
13         to allow setting breakpoints, to provide hot reload, etc.
14    -->
15    <uses-permission android:name="android.permission.INTERNET" />
15-->src\debug\AndroidManifest.xml:6:5-66
15-->src\debug\AndroidManifest.xml:6:22-64
16    <uses-permission android:name="android.permission.ACCESS_NETWORK_STATE" />
16-->[com.google.firebase:firebase-auth:22.3.0] AndroidManifest.xml:26:5-79
16-->[com.google.firebase:firebase-auth:22.3.0] AndroidManifest.xml:26:22-76
17
18    <permission
18-->[androidx.core:core:1.10.1] AndroidManifest.xml:22:5-24:47
19        android:name="com.example.portfolio_web.DYNAMIC_RECEIVER_NOT_EXPORTED_PERMISSION"
19-->[androidx.core:core:1.10.1] AndroidManifest.xml:23:9-81
20        android:protectionLevel="signature" />
20-->[androidx.core:core:1.10.1] AndroidManifest.xml:24:9-44
21
22    <uses-permission android:name="com.example.portfolio_web.DYNAMIC_RECEIVER_NOT_EXPORTED_PERMISSION" />
22-->[androidx.core:core:1.10.1] AndroidManifest.xml:26:5-97
22-->[androidx.core:core:1.10.1] AndroidManifest.xml:26:22-94
23
24    <application
25        android:name="android.app.Application"
26        android:appComponentFactory="androidx.core.app.CoreComponentFactory"
26-->[androidx.core:core:1.10.1] AndroidManifest.xml:28:18-86
27        android:debuggable="true"
28        android:icon="@mipmap/ic_launcher"
29        android:label="portfolio_web" >
30        <activity
31            android:name="com.example.portfolio_web.MainActivity"
32            android:configChanges="orientation|keyboardHidden|keyboard|screenSize|smallestScreenSize|locale|layoutDirection|fontScale|screenLayout|density|uiMode"
33            android:exported="true"
34            android:hardwareAccelerated="true"
35            android:launchMode="singleTop"
36            android:theme="@style/LaunchTheme"
37            android:windowSoftInputMode="adjustResize" >
38
39            <!--
40                 Specifies an Android theme to apply to this Activity as soon as
41                 the Android process has started. This theme is visible to the user
42                 while the Flutter UI initializes. After that, this theme continues
43                 to determine the Window background behind the Flutter UI.
44            -->
45            <meta-data
46                android:name="io.flutter.embedding.android.NormalTheme"
47                android:resource="@style/NormalTheme" />
48
49            <intent-filter>
50                <action android:name="android.intent.action.MAIN" />
51
52                <category android:name="android.intent.category.LAUNCHER" />
53            </intent-filter>
54        </activity>
55        <!--
56             Don't delete the meta-data below.
57             This is used by the Flutter tool to generate GeneratedPluginRegistrant.java
58        -->
59        <meta-data
60            android:name="flutterEmbedding"
61            android:value="2" />
62
63        <service
63-->[:firebase_auth] AndroidManifest.xml:10:9-14:19
64            android:name="com.google.firebase.components.ComponentDiscoveryService"
64-->[:firebase_auth] AndroidManifest.xml:10:18-89
65            android:directBootAware="true"
65-->[com.google.firebase:firebase-common:20.4.2] AndroidManifest.xml:32:13-43
66            android:exported="false" >
66-->[com.google.firebase:firebase-auth:22.3.0] AndroidManifest.xml:68:13-37
67            <meta-data
67-->[:firebase_auth] AndroidManifest.xml:11:13-13:85
68                android:name="com.google.firebase.components:io.flutter.plugins.firebase.auth.FlutterFirebaseAuthRegistrar"
68-->[:firebase_auth] AndroidManifest.xml:12:17-124
69                android:value="com.google.firebase.components.ComponentRegistrar" />
69-->[:firebase_auth] AndroidManifest.xml:13:17-82
70            <meta-data
70-->[:firebase_core] AndroidManifest.xml:11:13-13:85
71                android:name="com.google.firebase.components:io.flutter.plugins.firebase.core.FlutterFirebaseCoreRegistrar"
71-->[:firebase_core] AndroidManifest.xml:12:17-124
72                android:value="com.google.firebase.components.ComponentRegistrar" />
72-->[:firebase_core] AndroidManifest.xml:13:17-82
73            <meta-data
73-->[com.google.firebase:firebase-auth:22.3.0] AndroidManifest.xml:69:13-71:85
74                android:name="com.google.firebase.components:com.google.firebase.auth.FirebaseAuthRegistrar"
74-->[com.google.firebase:firebase-auth:22.3.0] AndroidManifest.xml:70:17-109
75                android:value="com.google.firebase.components.ComponentRegistrar" />
75-->[com.google.firebase:firebase-auth:22.3.0] AndroidManifest.xml:71:17-82
76            <meta-data
76-->[com.google.firebase:firebase-common-ktx:20.4.2] AndroidManifest.xml:12:13-14:85
77                android:name="com.google.firebase.components:com.google.firebase.ktx.FirebaseCommonLegacyRegistrar"
77-->[com.google.firebase:firebase-common-ktx:20.4.2] AndroidManifest.xml:13:17-116
78                android:value="com.google.firebase.components.ComponentRegistrar" />
78-->[com.google.firebase:firebase-common-ktx:20.4.2] AndroidManifest.xml:14:17-82
79            <meta-data
79-->[com.google.firebase:firebase-common:20.4.2] AndroidManifest.xml:35:13-37:85
80                android:name="com.google.firebase.components:com.google.firebase.FirebaseCommonKtxRegistrar"
80-->[com.google.firebase:firebase-common:20.4.2] AndroidManifest.xml:36:17-109
81                android:value="com.google.firebase.components.ComponentRegistrar" />
81-->[com.google.firebase:firebase-common:20.4.2] AndroidManifest.xml:37:17-82
82        </service>
83
84        <activity
84-->[:url_launcher_android] AndroidManifest.xml:10:9-13:74
85            android:name="io.flutter.plugins.urllauncher.WebViewActivity"
85-->[:url_launcher_android] AndroidManifest.xml:11:13-74
86            android:exported="false"
86-->[:url_launcher_android] AndroidManifest.xml:12:13-37
87            android:theme="@android:style/Theme.NoTitleBar.Fullscreen" />
87-->[:url_launcher_android] AndroidManifest.xml:13:13-71
88        <activity
88-->[com.google.firebase:firebase-auth:22.3.0] AndroidManifest.xml:29:9-46:20
89            android:name="com.google.firebase.auth.internal.GenericIdpActivity"
89-->[com.google.firebase:firebase-auth:22.3.0] AndroidManifest.xml:30:13-80
90            android:excludeFromRecents="true"
90-->[com.google.firebase:firebase-auth:22.3.0] AndroidManifest.xml:31:13-46
91            android:exported="true"
91-->[com.google.firebase:firebase-auth:22.3.0] AndroidManifest.xml:32:13-36
92            android:launchMode="singleTask"
92-->[com.google.firebase:firebase-auth:22.3.0] AndroidManifest.xml:33:13-44
93            android:theme="@android:style/Theme.Translucent.NoTitleBar" >
93-->[com.google.firebase:firebase-auth:22.3.0] AndroidManifest.xml:34:13-72
94            <intent-filter>
94-->[com.google.firebase:firebase-auth:22.3.0] AndroidManifest.xml:35:13-45:29
95                <action android:name="android.intent.action.VIEW" />
95-->[com.google.firebase:firebase-auth:22.3.0] AndroidManifest.xml:36:17-69
95-->[com.google.firebase:firebase-auth:22.3.0] AndroidManifest.xml:36:25-66
96
97                <category android:name="android.intent.category.DEFAULT" />
97-->[com.google.firebase:firebase-auth:22.3.0] AndroidManifest.xml:38:17-76
97-->[com.google.firebase:firebase-auth:22.3.0] AndroidManifest.xml:38:27-73
98                <category android:name="android.intent.category.BROWSABLE" />
98-->[com.google.firebase:firebase-auth:22.3.0] AndroidManifest.xml:39:17-78
98-->[com.google.firebase:firebase-auth:22.3.0] AndroidManifest.xml:39:27-75
99
100                <data
100-->[com.google.firebase:firebase-auth:22.3.0] AndroidManifest.xml:41:17-44:51
101                    android:host="firebase.auth"
101-->[com.google.firebase:firebase-auth:22.3.0] AndroidManifest.xml:42:21-49
102                    android:path="/"
102-->[com.google.firebase:firebase-auth:22.3.0] AndroidManifest.xml:43:21-37
103                    android:scheme="genericidp" />
103-->[com.google.firebase:firebase-auth:22.3.0] AndroidManifest.xml:44:21-48
104            </intent-filter>
105        </activity>
106        <activity
106-->[com.google.firebase:firebase-auth:22.3.0] AndroidManifest.xml:47:9-64:20
107            android:name="com.google.firebase.auth.internal.RecaptchaActivity"
107-->[com.google.firebase:firebase-auth:22.3.0] AndroidManifest.xml:48:13-79
108            android:excludeFromRecents="true"
108-->[com.google.firebase:firebase-auth:22.3.0] AndroidManifest.xml:49:13-46
109            android:exported="true"
109-->[com.google.firebase:firebase-auth:22.3.0] AndroidManifest.xml:50:13-36
110            android:launchMode="singleTask"
110-->[com.google.firebase:firebase-auth:22.3.0] AndroidManifest.xml:51:13-44
111            android:theme="@android:style/Theme.Translucent.NoTitleBar" >
111-->[com.google.firebase:firebase-auth:22.3.0] AndroidManifest.xml:52:13-72
112            <intent-filter>
112-->[com.google.firebase:firebase-auth:22.3.0] AndroidManifest.xml:53:13-63:29
113                <action android:name="android.intent.action.VIEW" />
113-->[com.google.firebase:firebase-auth:22.3.0] AndroidManifest.xml:36:17-69
113-->[com.google.firebase:firebase-auth:22.3.0] AndroidManifest.xml:36:25-66
114
115                <category android:name="android.intent.category.DEFAULT" />
115-->[com.google.firebase:firebase-auth:22.3.0] AndroidManifest.xml:38:17-76
115-->[com.google.firebase:firebase-auth:22.3.0] AndroidManifest.xml:38:27-73
116                <category android:name="android.intent.category.BROWSABLE" />
116-->[com.google.firebase:firebase-auth:22.3.0] AndroidManifest.xml:39:17-78
116-->[com.google.firebase:firebase-auth:22.3.0] AndroidManifest.xml:39:27-75
117
118                <data
118-->[com.google.firebase:firebase-auth:22.3.0] AndroidManifest.xml:41:17-44:51
119                    android:host="firebase.auth"
119-->[com.google.firebase:firebase-auth:22.3.0] AndroidManifest.xml:42:21-49
120                    android:path="/"
120-->[com.google.firebase:firebase-auth:22.3.0] AndroidManifest.xml:43:21-37
121                    android:scheme="recaptcha" />
121-->[com.google.firebase:firebase-auth:22.3.0] AndroidManifest.xml:44:21-48
122            </intent-filter>
123        </activity>
124
125        <provider
125-->[com.google.firebase:firebase-common:20.4.2] AndroidManifest.xml:23:9-28:39
126            android:name="com.google.firebase.provider.FirebaseInitProvider"
126-->[com.google.firebase:firebase-common:20.4.2] AndroidManifest.xml:24:13-77
127            android:authorities="com.example.portfolio_web.firebaseinitprovider"
127-->[com.google.firebase:firebase-common:20.4.2] AndroidManifest.xml:25:13-72
128            android:directBootAware="true"
128-->[com.google.firebase:firebase-common:20.4.2] AndroidManifest.xml:26:13-43
129            android:exported="false"
129-->[com.google.firebase:firebase-common:20.4.2] AndroidManifest.xml:27:13-37
130            android:initOrder="100" />
130-->[com.google.firebase:firebase-common:20.4.2] AndroidManifest.xml:28:13-36
131
132        <uses-library
132-->[androidx.window:window:1.0.0-beta04] AndroidManifest.xml:25:9-27:40
133            android:name="androidx.window.extensions"
133-->[androidx.window:window:1.0.0-beta04] AndroidManifest.xml:26:13-54
134            android:required="false" />
134-->[androidx.window:window:1.0.0-beta04] AndroidManifest.xml:27:13-37
135        <uses-library
135-->[androidx.window:window:1.0.0-beta04] AndroidManifest.xml:28:9-30:40
136            android:name="androidx.window.sidecar"
136-->[androidx.window:window:1.0.0-beta04] AndroidManifest.xml:29:13-51
137            android:required="false" />
137-->[androidx.window:window:1.0.0-beta04] AndroidManifest.xml:30:13-37
138
139        <activity
139-->[com.google.android.gms:play-services-base:18.0.1] AndroidManifest.xml:20:9-22:45
140            android:name="com.google.android.gms.common.api.GoogleApiActivity"
140-->[com.google.android.gms:play-services-base:18.0.1] AndroidManifest.xml:20:19-85
141            android:exported="false"
141-->[com.google.android.gms:play-services-base:18.0.1] AndroidManifest.xml:22:19-43
142            android:theme="@android:style/Theme.Translucent.NoTitleBar" />
142-->[com.google.android.gms:play-services-base:18.0.1] AndroidManifest.xml:21:19-78
143
144        <meta-data
144-->[com.google.android.gms:play-services-basement:18.1.0] AndroidManifest.xml:21:9-23:69
145            android:name="com.google.android.gms.version"
145-->[com.google.android.gms:play-services-basement:18.1.0] AndroidManifest.xml:22:13-58
146            android:value="@integer/google_play_services_version" />
146-->[com.google.android.gms:play-services-basement:18.1.0] AndroidManifest.xml:23:13-66
147    </application>
148
149</manifest>